<?xml version="1.0" encoding="utf-8"?><testsuites name="pytest tests"><testsuite name="pytest" errors="0" failures="0" skipped="0" tests="14" time="4.170" timestamp="2026-04-05T15:09:49.068015+00:00" hostname="agent-env-ef4a48f7-f0c4-4d10-9757-d26a359c118c"><testcase classname="backend.tests.test_admin_template_management.TestAdminTemplateManagement" name="test_get_templates_list" time="0.163" /><testcase classname="backend.tests.test_admin_template_management.TestAdminTemplateManagement" name="test_get_templates_with_category_filter" time="0.217" /><testcase classname="backend.tests.test_admin_template_management.TestAdminTemplateManagement" name="test_get_single_template" time="0.267" /><testcase classname="backend.tests.test_admin_template_management.TestAdminTemplateManagement" name="test_get_nonexistent_template" time="0.137" /><testcase classname="backend.tests.test_admin_template_management.TestAdminTemplateManagement" name="test_update_template_name" time="0.780" /><testcase classname="backend.tests.test_admin_template_management.TestAdminTemplateManagement" name="test_update_template_description" time="0.310" /><testcase classname="backend.tests.test_admin_template_management.TestAdminTemplateManagement" name="test_update_template_category" time="0.417" /><testcase classname="backend.tests.test_admin_template_management.TestAdminTemplateManagement" name="test_update_template_without_auth" time="0.217" /><testcase classname="backend.tests.test_admin_template_management.TestAdminTemplateManagement" name="test_update_nonexistent_template" time="0.102" /><testcase classname="backend.tests.test_admin_template_management.TestAdminTemplateManagement" name="test_update_template_empty_body" time="0.222" /><testcase classname="backend.tests.test_admin_template_management.TestAdminTemplateManagement" name="test_delete_template_without_auth" time="0.203" /><testcase classname="backend.tests.test_admin_template_management.TestAdminTemplateManagement" name="test_delete_nonexistent_template" time="0.110" /><testcase classname="backend.tests.test_admin_template_management.TestAdminTemplateManagement" name="test_delete_template_full_flow" time="0.811" /><testcase classname="backend.tests.test_admin_template_management.TestAdminTemplateManagement" name="test_get_template_categories" time="0.103" /></testsuite></testsuites>