<?xml version="1.0" encoding="utf-8"?><testsuites name="pytest tests"><testsuite name="pytest" errors="0" failures="0" skipped="0" tests="15" time="3.720" timestamp="2026-03-20T11:19:01.226526+00:00" hostname="agent-env-da6ea542-2e5f-4bd0-93b4-88980f30988c"><testcase classname="backend.tests.test_auth_flows.TestHealthEndpoint" name="test_health_returns_200" time="0.180" /><testcase classname="backend.tests.test_auth_flows.TestLoginEndpoint" name="test_login_with_valid_credentials" time="0.364" /><testcase classname="backend.tests.test_auth_flows.TestLoginEndpoint" name="test_login_with_invalid_credentials" time="0.139" /><testcase classname="backend.tests.test_auth_flows.TestLoginEndpoint" name="test_login_with_wrong_password" time="0.317" /><testcase classname="backend.tests.test_auth_flows.TestLoginEndpoint" name="test_login_google_oauth_user_no_password_returns_401_not_500" time="0.109" /><testcase classname="backend.tests.test_auth_flows.TestRegisterEndpoint" name="test_register_new_user" time="0.321" /><testcase classname="backend.tests.test_auth_flows.TestRegisterEndpoint" name="test_register_existing_email" time="0.139" /><testcase classname="backend.tests.test_auth_flows.TestAuthMeEndpoint" name="test_auth_me_with_valid_token" time="0.469" /><testcase classname="backend.tests.test_auth_flows.TestAuthMeEndpoint" name="test_auth_me_with_invalid_token" time="0.116" /><testcase classname="backend.tests.test_auth_flows.TestAuthMeEndpoint" name="test_auth_me_without_token" time="0.094" /><testcase classname="backend.tests.test_auth_flows.TestGoogleOAuthEndpoints" name="test_google_oauth_initiation" time="0.111" /><testcase classname="backend.tests.test_auth_flows.TestGoogleOAuthEndpoints" name="test_google_callback_without_code" time="0.134" /><testcase classname="backend.tests.test_auth_flows.TestGoogleOAuthEndpoints" name="test_google_callback_with_invalid_code" time="0.214" /><testcase classname="backend.tests.test_auth_flows.TestLoginRegisterThenVerify" name="test_register_then_verify_session" time="0.426" /><testcase classname="backend.tests.test_auth_flows.TestLoginRegisterThenVerify" name="test_login_then_verify_session" time="0.470" /></testsuite></testsuites>