<?xml version="1.0" encoding="utf-8"?><testsuites name="pytest tests"><testsuite name="pytest" errors="0" failures="0" skipped="0" tests="12" time="4.345" timestamp="2026-04-04T03:27:15.205821+00:00" hostname="agent-env-da6ea542-2e5f-4bd0-93b4-88980f30988c"><testcase classname="backend.tests.test_bug_fixes_iteration13.TestLoginErrorMessages" name="test_login_wrong_password_returns_descriptive_error" time="0.378" /><testcase classname="backend.tests.test_bug_fixes_iteration13.TestLoginErrorMessages" name="test_login_nonexistent_user_returns_descriptive_error" time="0.120" /><testcase classname="backend.tests.test_bug_fixes_iteration13.TestLoginErrorMessages" name="test_login_google_oauth_user_returns_google_signin_message" time="0.101" /><testcase classname="backend.tests.test_bug_fixes_iteration13.TestRegisterErrorMessages" name="test_register_existing_email_returns_descriptive_error" time="0.098" /><testcase classname="backend.tests.test_bug_fixes_iteration13.TestRegisterErrorMessages" name="test_register_google_oauth_email_returns_google_signin_message" time="0.101" /><testcase classname="backend.tests.test_bug_fixes_iteration13.TestBoardMembersEndpoint" name="test_board_members_returns_is_owner_field" time="0.668" /><testcase classname="backend.tests.test_bug_fixes_iteration13.TestBoardMembersEndpoint" name="test_board_members_returns_role_label_field" time="0.657" /><testcase classname="backend.tests.test_bug_fixes_iteration13.TestBoardMembersEndpoint" name="test_board_owner_has_correct_labels" time="0.638" /><testcase classname="backend.tests.test_bug_fixes_iteration13.TestBoardMembersEndpoint" name="test_board_owner_appears_first_in_list" time="0.651" /><testcase classname="backend.tests.test_bug_fixes_iteration13.TestLoginSuccessFlow" name="test_login_with_correct_credentials_works" time="0.328" /><testcase classname="backend.tests.test_bug_fixes_iteration13.TestLoginSuccessFlow" name="test_login_session_can_access_protected_routes" time="0.434" /><testcase classname="backend.tests.test_bug_fixes_iteration13.TestCORSExposesErrorHeader" name="test_cors_exposes_x_error_detail_header" time="0.103" /></testsuite></testsuites>