<?xml version="1.0" encoding="utf-8"?><testsuites name="pytest tests"><testsuite name="pytest" errors="0" failures="0" skipped="0" tests="9" time="3.757" timestamp="2026-04-13T09:53:38.903460+00:00" hostname="agent-env-ef4a48f7-f0c4-4d10-9757-d26a359c118c"><testcase classname="backend.tests.test_dropbox_integration.TestDropboxIntegrationEndpoints" name="test_integrations_status_includes_dropbox" time="0.461" /><testcase classname="backend.tests.test_dropbox_integration.TestDropboxIntegrationEndpoints" name="test_dropbox_connect_returns_307_redirect" time="0.386" /><testcase classname="backend.tests.test_dropbox_integration.TestDropboxIntegrationEndpoints" name="test_dropbox_disconnect_returns_success" time="0.376" /><testcase classname="backend.tests.test_dropbox_integration.TestDropboxIntegrationEndpoints" name="test_dropbox_files_returns_401_when_not_connected" time="0.460" /><testcase classname="backend.tests.test_dropbox_integration.TestDropboxIntegrationEndpoints" name="test_dropbox_attach_requires_card_id" time="0.412" /><testcase classname="backend.tests.test_dropbox_integration.TestDropboxIntegrationEndpoints" name="test_dropbox_attach_requires_file_id" time="0.411" /><testcase classname="backend.tests.test_dropbox_integration.TestDropboxIntegrationEndpoints" name="test_dropbox_callback_handles_error_param" time="0.368" /><testcase classname="backend.tests.test_dropbox_integration.TestDropboxIntegrationEndpoints" name="test_dropbox_attach_with_valid_card" time="0.397" /><testcase classname="backend.tests.test_dropbox_integration.TestIntegrationStatusAllProviders" name="test_status_returns_all_three_providers" time="0.386" /></testsuite></testsuites>