<?xml version="1.0" encoding="utf-8"?><testsuites name="pytest tests"><testsuite name="pytest" errors="0" failures="0" skipped="0" tests="16" time="7.895" timestamp="2026-03-17T15:05:41.620654+00:00" hostname="agent-env-84d9cccc-142e-41c5-941f-485de1a4255d"><testcase classname="backend.tests.test_google_oauth_and_notifications.TestGoogleOAuth" name="test_google_login_redirects_to_google" time="0.364" /><testcase classname="backend.tests.test_google_oauth_and_notifications.TestGoogleOAuth" name="test_google_callback_requires_code" time="0.177" /><testcase classname="backend.tests.test_google_oauth_and_notifications.TestGoogleOAuth" name="test_google_callback_validates_invalid_code" time="0.267" /><testcase classname="backend.tests.test_google_oauth_and_notifications.TestBoardNotifications" name="test_admin_can_access_test_board" time="0.519" /><testcase classname="backend.tests.test_google_oauth_and_notifications.TestBoardNotifications" name="test_checklist_activity_creates_notification" time="0.480" /><testcase classname="backend.tests.test_google_oauth_and_notifications.TestBoardNotifications" name="test_comment_creates_notification" time="0.499" /><testcase classname="backend.tests.test_google_oauth_and_notifications.TestBoardNotifications" name="test_attachment_activity_creates_notification" time="0.281" /><testcase classname="backend.tests.test_google_oauth_and_notifications.TestBoardInvite" name="test_invite_existing_user_sends_email" time="1.601" /><testcase classname="backend.tests.test_google_oauth_and_notifications.TestBoardInvite" name="test_invite_non_existing_user_creates_invitation" time="1.472" /><testcase classname="backend.tests.test_google_oauth_and_notifications.TestEmailPasswordLogin" name="test_login_with_valid_credentials" time="0.398" /><testcase classname="backend.tests.test_google_oauth_and_notifications.TestEmailPasswordLogin" name="test_login_with_invalid_credentials" time="0.384" /><testcase classname="backend.tests.test_google_oauth_and_notifications.TestAuthMe" name="test_auth_me_returns_user_data" time="0.138" /><testcase classname="backend.tests.test_google_oauth_and_notifications.TestAuthMe" name="test_auth_me_rejects_invalid_token" time="0.136" /><testcase classname="backend.tests.test_google_oauth_and_notifications.TestDashboardAccess" name="test_can_list_workspaces" time="0.135" /><testcase classname="backend.tests.test_google_oauth_and_notifications.TestDashboardAccess" name="test_can_access_workspace" time="0.553" /><testcase classname="backend.tests.test_google_oauth_and_notifications.TestDashboardAccess" name="test_can_list_boards" time="0.305" /></testsuite></testsuites>