<?xml version="1.0" encoding="utf-8"?><testsuites name="pytest tests"><testsuite name="pytest" errors="0" failures="0" skipped="0" tests="11" time="4.586" timestamp="2026-04-06T13:24:19.796165+00:00" hostname="agent-env-ef4a48f7-f0c4-4d10-9757-d26a359c118c"><testcase classname="backend.tests.test_integrations.TestIntegrationEndpoints" name="test_integrations_status_returns_all_providers" time="0.505" /><testcase classname="backend.tests.test_integrations.TestIntegrationEndpoints" name="test_google_drive_connect_returns_307_redirect" time="0.387" /><testcase classname="backend.tests.test_integrations.TestIntegrationEndpoints" name="test_google_drive_disconnect_returns_success" time="0.395" /><testcase classname="backend.tests.test_integrations.TestIntegrationEndpoints" name="test_google_drive_files_returns_401_when_not_connected" time="0.442" /><testcase classname="backend.tests.test_integrations.TestIntegrationEndpoints" name="test_google_drive_attach_requires_card_id" time="0.440" /><testcase classname="backend.tests.test_integrations.TestIntegrationEndpoints" name="test_google_drive_attach_requires_file_id" time="0.382" /><testcase classname="backend.tests.test_integrations.TestIntegrationEndpoints" name="test_google_drive_attach_with_valid_card" time="0.389" /><testcase classname="backend.tests.test_integrations.TestIntegrationEndpoints" name="test_integrations_status_unauthenticated" time="0.445" /><testcase classname="backend.tests.test_integrations.TestAuthAndDashboard" name="test_login_flow" time="0.345" /><testcase classname="backend.tests.test_integrations.TestAuthAndDashboard" name="test_workspaces_accessible_after_login" time="0.377" /><testcase classname="backend.tests.test_integrations.TestAuthAndDashboard" name="test_board_accessible" time="0.366" /></testsuite></testsuites>