<?xml version="1.0" encoding="utf-8"?><testsuites name="pytest tests"><testsuite name="pytest" errors="0" failures="0" skipped="0" tests="13" time="2.827" timestamp="2026-03-13T05:25:22.918673+00:00" hostname="agent-env-84d9cccc-142e-41c5-941f-485de1a4255d"><testcase classname="tests.test_new_card_features.TestLoginAPI" name="test_login_success" time="0.460" /><testcase classname="tests.test_new_card_features.TestLoginAPI" name="test_login_invalid_credentials" time="0.111" /><testcase classname="tests.test_new_card_features.TestLoginAPI" name="test_cors_headers_present" time="0.069" /><testcase classname="tests.test_new_card_features.TestGlobalSearchAPI" name="test_search_returns_results" time="0.470" /><testcase classname="tests.test_new_card_features.TestGlobalSearchAPI" name="test_search_with_specific_term" time="0.897" /><testcase classname="tests.test_new_card_features.TestGlobalSearchAPI" name="test_search_empty_query" time="0.057" /><testcase classname="tests.test_new_card_features.TestCardDuplicateAPI" name="test_duplicate_card_success" time="0.104" /><testcase classname="tests.test_new_card_features.TestCardDuplicateAPI" name="test_duplicate_nonexistent_card" time="0.053" /><testcase classname="tests.test_new_card_features.TestDeleteChecklistItemAPI" name="test_delete_checklist_item_success" time="0.163" /><testcase classname="tests.test_new_card_features.TestDeleteChecklistItemAPI" name="test_delete_nonexistent_checklist_item" time="0.054" /><testcase classname="tests.test_new_card_features.TestSetCardCoverAPI" name="test_set_cover_image" time="0.114" /><testcase classname="tests.test_new_card_features.TestSetCardCoverAPI" name="test_set_cover_on_nonexistent_card" time="0.051" /><testcase classname="tests.test_new_card_features.TestDeleteAttachmentAPI" name="test_delete_nonexistent_attachment" time="0.102" /></testsuite></testsuites>