<?xml version="1.0" encoding="utf-8"?><testsuites name="pytest tests"><testsuite name="pytest" errors="0" failures="0" skipped="0" tests="15" time="4.893" timestamp="2026-04-13T12:19:15.475250+00:00" hostname="agent-env-ef4a48f7-f0c4-4d10-9757-d26a359c118c"><testcase classname="backend.tests.test_object_storage_attachments.TestAuthentication" name="test_login_success" time="0.362" /><testcase classname="backend.tests.test_object_storage_attachments.TestHealthAndBasicEndpoints" name="test_health_check" time="0.106" /><testcase classname="backend.tests.test_object_storage_attachments.TestIntegrationStatus" name="test_integrations_status_endpoint" time="0.457" /><testcase classname="backend.tests.test_object_storage_attachments.TestIntegrationStatus" name="test_google_drive_connect_redirects" time="0.119" /><testcase classname="backend.tests.test_object_storage_attachments.TestIntegrationStatus" name="test_dropbox_connect_redirects" time="0.136" /><testcase classname="backend.tests.test_object_storage_attachments.TestFileUploadAndStorage" name="test_upload_attachment_returns_storage_url" time="0.630" /><testcase classname="backend.tests.test_object_storage_attachments.TestFileUploadAndStorage" name="test_download_uploaded_file" time="0.235" /><testcase classname="backend.tests.test_object_storage_attachments.TestFileUploadAndStorage" name="test_upload_image_attachment" time="0.509" /><testcase classname="backend.tests.test_object_storage_attachments.TestStorageEndpoint" name="test_storage_endpoint_404_for_nonexistent" time="0.443" /><testcase classname="backend.tests.test_object_storage_attachments.TestCardAttachmentIntegration" name="test_get_card_shows_attachments" time="0.449" /><testcase classname="backend.tests.test_object_storage_attachments.TestCardAttachmentIntegration" name="test_set_cover_image" time="0.336" /><testcase classname="backend.tests.test_object_storage_attachments.TestCloudIntegrationEndpoints" name="test_google_drive_files_requires_connection" time="0.465" /><testcase classname="backend.tests.test_object_storage_attachments.TestCloudIntegrationEndpoints" name="test_dropbox_files_requires_connection" time="0.106" /><testcase classname="backend.tests.test_object_storage_attachments.TestCloudIntegrationEndpoints" name="test_google_drive_attach_validates_input" time="0.244" /><testcase classname="backend.tests.test_object_storage_attachments.TestCloudIntegrationEndpoints" name="test_dropbox_attach_validates_input" time="0.227" /></testsuite></testsuites>