<?xml version="1.0" encoding="utf-8"?><testsuites name="pytest tests"><testsuite name="pytest" errors="0" failures="0" skipped="0" tests="11" time="4.225" timestamp="2026-04-04T08:57:16.875196+00:00" hostname="agent-env-ef4a48f7-f0c4-4d10-9757-d26a359c118c"><testcase classname="tests.test_template_features.TestAuthRememberMe" name="test_login_returns_session_token" time="0.475" /><testcase classname="tests.test_template_features.TestTemplatePreview" name="test_get_templates_list" time="0.114" /><testcase classname="tests.test_template_features.TestTemplatePreview" name="test_get_template_preview" time="0.220" /><testcase classname="tests.test_template_features.TestTemplateEdit" name="test_edit_template_name" time="0.670" /><testcase classname="tests.test_template_features.TestTemplateEdit" name="test_edit_template_description" time="0.748" /><testcase classname="tests.test_template_features.TestTemplateEdit" name="test_edit_template_without_auth_fails" time="0.204" /><testcase classname="tests.test_template_features.TestTemplateEdit" name="test_edit_nonexistent_template_fails" time="0.435" /><testcase classname="tests.test_template_features.TestTemplateDelete" name="test_delete_template_without_auth_fails" time="0.210" /><testcase classname="tests.test_template_features.TestTemplateDelete" name="test_delete_nonexistent_template_fails" time="0.431" /><testcase classname="tests.test_template_features.TestTemplateDelete" name="test_delete_template_endpoint_exists" time="0.435" /><testcase classname="tests.test_template_features.TestTemplateCategories" name="test_get_template_categories" time="0.100" /></testsuite></testsuites>