<?xml version="1.0" encoding="utf-8"?><testsuites name="pytest tests"><testsuite name="pytest" errors="0" failures="0" skipped="0" tests="13" time="8.109" timestamp="2026-04-06T07:58:17.675792+00:00" hostname="agent-env-ef4a48f7-f0c4-4d10-9757-d26a359c118c"><testcase classname="backend.tests.test_template_board_editing.TestAdminTemplateBoardEditing" name="test_admin_can_get_template_board" time="0.490" /><testcase classname="backend.tests.test_template_board_editing.TestAdminTemplateBoardEditing" name="test_template_board_returns_lists_and_cards" time="0.467" /><testcase classname="backend.tests.test_template_board_editing.TestAdminTemplateBoardEditing" name="test_admin_can_create_list_in_template" time="0.562" /><testcase classname="backend.tests.test_template_board_editing.TestAdminTemplateBoardEditing" name="test_create_list_without_auth_fails" time="0.412" /><testcase classname="backend.tests.test_template_board_editing.TestAdminTemplateBoardEditing" name="test_admin_can_create_card_in_template_list" time="0.753" /><testcase classname="backend.tests.test_template_board_editing.TestAdminTemplateBoardEditing" name="test_create_card_in_existing_template_list" time="0.630" /><testcase classname="backend.tests.test_template_board_editing.TestAdminTemplateBoardEditing" name="test_admin_can_update_card_in_template" time="0.926" /><testcase classname="backend.tests.test_template_board_editing.TestAdminTemplateBoardEditing" name="test_update_card_with_labels_and_priority" time="0.954" /><testcase classname="backend.tests.test_template_board_editing.TestAdminTemplateBoardEditing" name="test_admin_can_delete_list_from_template" time="0.637" /><testcase classname="backend.tests.test_template_board_editing.TestAdminTemplateBoardEditing" name="test_delete_list_without_auth_fails" time="0.630" /><testcase classname="backend.tests.test_template_board_editing.TestAdminTemplateBoardEditing" name="test_admin_can_delete_card_from_template" time="0.813" /><testcase classname="backend.tests.test_template_board_editing.TestAdminTemplateBoardEditing" name="test_check_board_access_allows_admin_for_template" time="0.612" /><testcase classname="backend.tests.test_template_board_editing.TestNonAdminTemplateBoardAccess" name="test_unauthenticated_cannot_access_template_board_editing" time="0.103" /></testsuite></testsuites>