<?xml version="1.0" encoding="utf-8"?><testsuites name="pytest tests"><testsuite name="pytest" errors="0" failures="0" skipped="0" tests="12" time="6.507" timestamp="2026-04-06T12:30:58.978700+00:00" hostname="agent-env-ef4a48f7-f0c4-4d10-9757-d26a359c118c"><testcase classname="backend.tests.test_websocket_broadcasts.TestWebSocketBroadcasts" name="test_create_list_returns_list_data" time="0.745" /><testcase classname="backend.tests.test_websocket_broadcasts.TestWebSocketBroadcasts" name="test_create_card_returns_card_data" time="0.623" /><testcase classname="backend.tests.test_websocket_broadcasts.TestWebSocketBroadcasts" name="test_update_card_returns_success" time="0.877" /><testcase classname="backend.tests.test_websocket_broadcasts.TestWebSocketBroadcasts" name="test_add_comment_returns_comment_data" time="0.599" /><testcase classname="backend.tests.test_websocket_broadcasts.TestWebSocketBroadcasts" name="test_add_attachment_returns_attachment_data" time="0.715" /><testcase classname="backend.tests.test_websocket_broadcasts.TestWebSocketBroadcasts" name="test_delete_attachment_returns_success" time="0.801" /><testcase classname="backend.tests.test_websocket_broadcasts.TestWebSocketBroadcasts" name="test_remove_card_member_returns_success" time="0.682" /><testcase classname="backend.tests.test_websocket_broadcasts.TestWebSocketBroadcasts" name="test_update_board_returns_success" time="0.588" /><testcase classname="backend.tests.test_websocket_broadcasts.TestMobileOAuthRedirectUri" name="test_google_oauth_accepts_redirect_uri_param" time="0.166" /><testcase classname="backend.tests.test_websocket_broadcasts.TestMobileOAuthRedirectUri" name="test_google_oauth_without_redirect_uri_uses_default" time="0.108" /><testcase classname="backend.tests.test_websocket_broadcasts.TestWebSocketEndpoint" name="test_websocket_url_format" time="0.481" /><testcase classname="backend.tests.test_websocket_broadcasts.TestFrontendWebSocketHandlers" name="test_frontend_websocket_event_types_documented" time="0.000" /></testsuite></testsuites>