<?xml version="1.0" encoding="utf-8"?><testsuites name="pytest tests"><testsuite name="pytest" errors="0" failures="0" skipped="0" tests="14" time="1.336" timestamp="2026-03-03T08:06:25.724021+00:00" hostname="agent-env-119baebd-5fa0-4461-aed7-8fe89c41b51a"><testcase classname="backend.tests.test_workspace_organization.TestBoardCategorization" name="test_boards_have_category_field" time="0.502" /><testcase classname="backend.tests.test_workspace_organization.TestBoardCategorization" name="test_team_boards_have_team_name" time="0.058" /><testcase classname="backend.tests.test_workspace_organization.TestBoardCategorization" name="test_board_counts_per_category" time="0.054" /><testcase classname="backend.tests.test_workspace_organization.TestTeamsAPIForWorkspaceOrganization" name="test_create_team_returns_correct_structure" time="0.053" /><testcase classname="backend.tests.test_workspace_organization.TestTeamsAPIForWorkspaceOrganization" name="test_get_workspace_teams" time="0.052" /><testcase classname="backend.tests.test_workspace_organization.TestBoardTeamAssignment" name="test_create_board_without_team" time="0.062" /><testcase classname="backend.tests.test_workspace_organization.TestBoardTeamAssignment" name="test_verify_new_board_is_personal" time="0.056" /><testcase classname="backend.tests.test_workspace_organization.TestBoardTeamAssignment" name="test_assign_board_to_team" time="0.052" /><testcase classname="backend.tests.test_workspace_organization.TestBoardTeamAssignment" name="test_verify_board_now_team_category" time="0.056" /><testcase classname="backend.tests.test_workspace_organization.TestBoardTeamAssignment" name="test_remove_board_from_team" time="0.058" /><testcase classname="backend.tests.test_workspace_organization.TestBoardTeamAssignment" name="test_verify_board_back_to_personal" time="0.056" /><testcase classname="backend.tests.test_workspace_organization.TestTeamBoardsEndpoint" name="test_get_team_boards" time="0.051" /><testcase classname="backend.tests.test_workspace_organization.TestCleanup" name="test_delete_test_board" time="0.055" /><testcase classname="backend.tests.test_workspace_organization.TestCleanup" name="test_delete_test_team" time="0.050" /></testsuite></testsuites>